c:\users\avelino\documents\workspace\tracking\matlab\_mex\kalmanmex\kalmanmex\x64\debug\kalmanmex.pch
c:\users\avelino\documents\workspace\tracking\matlab\_mex\kalmanmex\kalmanmex\x64\debug\vc140.pdb
c:\users\avelino\documents\workspace\tracking\matlab\_mex\kalmanmex\kalmanmex\x64\debug\vc140.idb
c:\users\avelino\documents\workspace\tracking\matlab\_mex\kalmanmex\kalmanmex\x64\debug\stdafx.obj
c:\users\avelino\documents\workspace\tracking\matlab\_mex\kalmanmex\kalmanmex\x64\debug\basekalmanfilter.obj
c:\users\avelino\documents\workspace\tracking\matlab\_mex\kalmanmex\kalmanmex\x64\debug\comparator.obj
c:\users\avelino\documents\workspace\tracking\matlab\_mex\kalmanmex\kalmanmex\x64\debug\hungarianfunctions.obj
c:\users\avelino\documents\workspace\tracking\matlab\_mex\kalmanmex\kalmanmex\x64\debug\hybridestimator.obj
c:\users\avelino\documents\workspace\tracking\matlab\_mex\kalmanmex\kalmanmex\x64\debug\kalmanfilter.obj
c:\users\avelino\documents\workspace\tracking\matlab\_mex\kalmanmex\kalmanmex\x64\debug\kfutils.obj
c:\users\avelino\documents\workspace\tracking\matlab\_mex\kalmanmex\kalmanmex\x64\debug\mmae.obj
c:\users\avelino\documents\workspace\tracking\matlab\_mex\kalmanmex\kalmanmex\x64\debug\mmaeitem.obj
c:\users\avelino\documents\workspace\tracking\matlab\_mex\kalmanmex\kalmanmex\x64\debug\mmbankitem.obj
c:\users\avelino\documents\workspace\tracking\matlab\_mex\kalmanmex\kalmanmex\x64\debug\person3dbvt.obj
c:\users\avelino\documents\workspace\tracking\matlab\_mex\kalmanmex\kalmanmex\x64\debug\trackermmae_interface_mex.obj
c:\users\avelino\documents\workspace\tracking\matlab\_mex\kalmanmex\kalmanmex\x64\debug\dllmain.obj
c:\users\avelino\documents\workspace\tracking\matlab\_mex\kalmanmex\x64\debug\kalmanmex.lib
c:\users\avelino\documents\workspace\tracking\matlab\_mex\kalmanmex\x64\debug\kalmanmex.exp
c:\users\avelino\documents\workspace\tracking\matlab\_mex\kalmanmex\x64\debug\kalmanmex.mexw64
c:\users\avelino\documents\workspace\tracking\matlab\_mex\kalmanmex\kalmanmex\x64\debug\kalmanmex.mexw64.intermediate.manifest
c:\users\avelino\documents\workspace\tracking\matlab\_mex\kalmanmex\x64\debug\kalmanmex.map
c:\users\avelino\documents\workspace\tracking\matlab\_mex\kalmanmex\x64\debug\kalmanmex.pdb
c:\users\avelino\documents\workspace\tracking\matlab\_mex\kalmanmex\kalmanmex\x64\debug\kalmanmex.mexw64.manifest
c:\users\avelino\documents\workspace\tracking\matlab\_mex\kalmanmex\kalmanmex\x64\debug\kalmanmex.tlog\cl.command.1.tlog
c:\users\avelino\documents\workspace\tracking\matlab\_mex\kalmanmex\kalmanmex\x64\debug\kalmanmex.tlog\cl.read.1.tlog
c:\users\avelino\documents\workspace\tracking\matlab\_mex\kalmanmex\kalmanmex\x64\debug\kalmanmex.tlog\cl.write.1.tlog
c:\users\avelino\documents\workspace\tracking\matlab\_mex\kalmanmex\kalmanmex\x64\debug\kalmanmex.tlog\kalmanmex.write.1u.tlog
c:\users\avelino\documents\workspace\tracking\matlab\_mex\kalmanmex\kalmanmex\x64\debug\kalmanmex.tlog\link.command.1.tlog
c:\users\avelino\documents\workspace\tracking\matlab\_mex\kalmanmex\kalmanmex\x64\debug\kalmanmex.tlog\link.read.1.tlog
c:\users\avelino\documents\workspace\tracking\matlab\_mex\kalmanmex\kalmanmex\x64\debug\kalmanmex.tlog\link.write.1.tlog
c:\users\avelino\documents\workspace\tracking\matlab\_mex\kalmanmex\kalmanmex\x64\debug\kalmanmex.tlog\mt.command.1.tlog
c:\users\avelino\documents\workspace\tracking\matlab\_mex\kalmanmex\kalmanmex\x64\debug\kalmanmex.tlog\mt.read.1.tlog
c:\users\avelino\documents\workspace\tracking\matlab\_mex\kalmanmex\kalmanmex\x64\debug\kalmanmex.tlog\mt.write.1.tlog
