cl : Command line warning D9002: ignoring unknown option '/arch:SSE2'
  OpenCvKF_interface_mex.cpp
c:\opencv\opencv\build\include\opencv2\flann\logger.h(66): warning C4996: 'fopen': This function or variable may be unsafe. Consider using fopen_s instead. To disable deprecation, use _CRT_SECURE_NO_WARNINGS. See online help for details.
  c:\program files (x86)\windows kits\10\include\10.0.10240.0\ucrt\stdio.h(205): note: see declaration of 'fopen'
c:\users\avelino\documents\workspace\tracking\matlab\_mex\opencvkf_interface_mex.cpp(30): warning C4267: 'initializing': conversion from 'size_t' to 'int', possible loss of data
c:\users\avelino\documents\workspace\tracking\matlab\_mex\opencvkf_interface_mex.cpp(31): warning C4267: 'initializing': conversion from 'size_t' to 'int', possible loss of data
c:\users\avelino\documents\workspace\tracking\matlab\_mex\opencvkf_interface_mex.cpp(46): warning C4267: 'initializing': conversion from 'size_t' to 'int', possible loss of data
c:\users\avelino\documents\workspace\tracking\matlab\_mex\opencvkf_interface_mex.cpp(47): warning C4267: 'initializing': conversion from 'size_t' to 'int', possible loss of data
c:\users\avelino\documents\workspace\tracking\matlab\_mex\opencvkf_interface_mex.cpp(62): warning C4267: 'initializing': conversion from 'size_t' to 'int', possible loss of data
c:\users\avelino\documents\workspace\tracking\matlab\_mex\opencvkf_interface_mex.cpp(63): warning C4267: 'initializing': conversion from 'size_t' to 'int', possible loss of data
c:\users\avelino\documents\workspace\tracking\matlab\_mex\opencvkf_interface_mex.cpp(78): warning C4267: 'initializing': conversion from 'size_t' to 'int', possible loss of data
c:\users\avelino\documents\workspace\tracking\matlab\_mex\opencvkf_interface_mex.cpp(79): warning C4267: 'initializing': conversion from 'size_t' to 'int', possible loss of data
c:\users\avelino\documents\workspace\tracking\matlab\_mex\opencvkf_interface_mex.cpp(94): warning C4267: 'initializing': conversion from 'size_t' to 'int', possible loss of data
c:\users\avelino\documents\workspace\tracking\matlab\_mex\opencvkf_interface_mex.cpp(95): warning C4267: 'initializing': conversion from 'size_t' to 'int', possible loss of data
c:\users\avelino\documents\workspace\tracking\matlab\_mex\opencvkf_interface_mex.cpp(125): warning C4267: 'initializing': conversion from 'size_t' to 'int', possible loss of data
c:\users\avelino\documents\workspace\tracking\matlab\_mex\opencvkf_interface_mex.cpp(126): warning C4267: 'initializing': conversion from 'size_t' to 'int', possible loss of data
c:\users\avelino\documents\workspace\tracking\matlab\_mex\opencvkf_interface_mex.cpp(238): warning C4267: 'initializing': conversion from 'size_t' to 'int', possible loss of data
c:\users\avelino\documents\workspace\tracking\matlab\_mex\opencvkf_interface_mex.cpp(239): warning C4267: 'initializing': conversion from 'size_t' to 'int', possible loss of data
  BiermanKF_interface_mex.cpp
c:\users\avelino\documents\workspace\tracking\matlab\_mex\biermankf_interface_mex.cpp(31): warning C4267: 'initializing': conversion from 'size_t' to 'int', possible loss of data
c:\users\avelino\documents\workspace\tracking\matlab\_mex\biermankf_interface_mex.cpp(32): warning C4267: 'initializing': conversion from 'size_t' to 'int', possible loss of data
c:\users\avelino\documents\workspace\tracking\matlab\_mex\biermankf_interface_mex.cpp(47): warning C4267: 'initializing': conversion from 'size_t' to 'int', possible loss of data
c:\users\avelino\documents\workspace\tracking\matlab\_mex\biermankf_interface_mex.cpp(48): warning C4267: 'initializing': conversion from 'size_t' to 'int', possible loss of data
c:\users\avelino\documents\workspace\tracking\matlab\_mex\biermankf_interface_mex.cpp(63): warning C4267: 'initializing': conversion from 'size_t' to 'int', possible loss of data
c:\users\avelino\documents\workspace\tracking\matlab\_mex\biermankf_interface_mex.cpp(64): warning C4267: 'initializing': conversion from 'size_t' to 'int', possible loss of data
c:\users\avelino\documents\workspace\tracking\matlab\_mex\biermankf_interface_mex.cpp(79): warning C4267: 'initializing': conversion from 'size_t' to 'int', possible loss of data
c:\users\avelino\documents\workspace\tracking\matlab\_mex\biermankf_interface_mex.cpp(80): warning C4267: 'initializing': conversion from 'size_t' to 'int', possible loss of data
c:\users\avelino\documents\workspace\tracking\matlab\_mex\biermankf_interface_mex.cpp(95): warning C4267: 'initializing': conversion from 'size_t' to 'int', possible loss of data
c:\users\avelino\documents\workspace\tracking\matlab\_mex\biermankf_interface_mex.cpp(96): warning C4267: 'initializing': conversion from 'size_t' to 'int', possible loss of data
c:\users\avelino\documents\workspace\tracking\matlab\_mex\biermankf_interface_mex.cpp(126): warning C4267: 'initializing': conversion from 'size_t' to 'int', possible loss of data
c:\users\avelino\documents\workspace\tracking\matlab\_mex\biermankf_interface_mex.cpp(127): warning C4267: 'initializing': conversion from 'size_t' to 'int', possible loss of data
c:\users\avelino\documents\workspace\tracking\matlab\_mex\biermankf_interface_mex.cpp(226): warning C4267: 'initializing': conversion from 'size_t' to 'int', possible loss of data
c:\users\avelino\documents\workspace\tracking\matlab\_mex\biermankf_interface_mex.cpp(227): warning C4267: 'initializing': conversion from 'size_t' to 'int', possible loss of data
  Generating Code...
LINK : warning LNK4075: ignoring '/INCREMENTAL' due to '/PROFILE' specification
BaseKalmanFilter.obj : warning LNK4075: ignoring '/EDITANDCONTINUE' due to '/OPT:LBR' specification
     Creating library C:\Users\Avelino\Documents\Workspace\Tracking\matlab\_mex\KalmanMex\x64\Debug\KalmanMex.lib and object C:\Users\Avelino\Documents\Workspace\Tracking\matlab\_mex\KalmanMex\x64\Debug\KalmanMex.exp
  KalmanMex.vcxproj -> C:\Users\Avelino\Documents\Workspace\Tracking\matlab\_mex\KalmanMex\x64\Debug\KalmanMex.mexw64
  KalmanMex.vcxproj -> C:\Users\Avelino\Documents\Workspace\Tracking\matlab\_mex\KalmanMex\x64\Debug\KalmanMex.pdb (Full PDB)
