  BiermanKF_interface_mex.cpp
c:\users\joão avelino\documents\workspace\tracking\matlab\_mex\biermankf_interface_mex.cpp(31): warning C4267: 'initializing': conversion from 'size_t' to 'int', possible loss of data
c:\users\joão avelino\documents\workspace\tracking\matlab\_mex\biermankf_interface_mex.cpp(32): warning C4267: 'initializing': conversion from 'size_t' to 'int', possible loss of data
c:\users\joão avelino\documents\workspace\tracking\matlab\_mex\biermankf_interface_mex.cpp(47): warning C4267: 'initializing': conversion from 'size_t' to 'int', possible loss of data
c:\users\joão avelino\documents\workspace\tracking\matlab\_mex\biermankf_interface_mex.cpp(48): warning C4267: 'initializing': conversion from 'size_t' to 'int', possible loss of data
c:\users\joão avelino\documents\workspace\tracking\matlab\_mex\biermankf_interface_mex.cpp(63): warning C4267: 'initializing': conversion from 'size_t' to 'int', possible loss of data
c:\users\joão avelino\documents\workspace\tracking\matlab\_mex\biermankf_interface_mex.cpp(64): warning C4267: 'initializing': conversion from 'size_t' to 'int', possible loss of data
c:\users\joão avelino\documents\workspace\tracking\matlab\_mex\biermankf_interface_mex.cpp(79): warning C4267: 'initializing': conversion from 'size_t' to 'int', possible loss of data
c:\users\joão avelino\documents\workspace\tracking\matlab\_mex\biermankf_interface_mex.cpp(80): warning C4267: 'initializing': conversion from 'size_t' to 'int', possible loss of data
c:\users\joão avelino\documents\workspace\tracking\matlab\_mex\biermankf_interface_mex.cpp(95): warning C4267: 'initializing': conversion from 'size_t' to 'int', possible loss of data
c:\users\joão avelino\documents\workspace\tracking\matlab\_mex\biermankf_interface_mex.cpp(96): warning C4267: 'initializing': conversion from 'size_t' to 'int', possible loss of data
c:\users\joão avelino\documents\workspace\tracking\matlab\_mex\biermankf_interface_mex.cpp(126): warning C4267: 'initializing': conversion from 'size_t' to 'int', possible loss of data
c:\users\joão avelino\documents\workspace\tracking\matlab\_mex\biermankf_interface_mex.cpp(127): warning C4267: 'initializing': conversion from 'size_t' to 'int', possible loss of data
c:\users\joão avelino\documents\workspace\tracking\matlab\_mex\biermankf_interface_mex.cpp(226): warning C4267: 'initializing': conversion from 'size_t' to 'int', possible loss of data
c:\users\joão avelino\documents\workspace\tracking\matlab\_mex\biermankf_interface_mex.cpp(227): warning C4267: 'initializing': conversion from 'size_t' to 'int', possible loss of data
LINK : warning LNK4075: ignoring '/INCREMENTAL' due to '/PROFILE' specification
BaseKalmanFilter.obj : warning LNK4075: ignoring '/EDITANDCONTINUE' due to '/OPT:LBR' specification
     Creating library C:\Users\João Avelino\Documents\Workspace\Tracking\matlab\_mex\KalmanMex\x64\Debug\KalmanMex.lib and object C:\Users\João Avelino\Documents\Workspace\Tracking\matlab\_mex\KalmanMex\x64\Debug\KalmanMex.exp
  KalmanMex.vcxproj -> C:\Users\João Avelino\Documents\Workspace\Tracking\matlab\_mex\KalmanMex\x64\Debug\KalmanMex.mexw64
  KalmanMex.vcxproj -> C:\Users\João Avelino\Documents\Workspace\Tracking\matlab\_mex\KalmanMex\x64\Debug\KalmanMex.pdb (Full PDB)
